2024-09-10 20:50:04,459 - INFO - User: 3 On: <class 'api.components.user.user_logic.Login'> : ({'code': 200, 'message': 'Ingreso exitoso!', 'description': 'OK', 'type': 'Success', 'token': 'eyJ0eXAiOiJKV1QiLCJhbGciOiJIUzI1NiJ9.eyJmcmVzaCI6ZmFsc2UsImlhdCI6MTcyNjAxOTQwNCwianRpIjoiOTFkNWI3ZTYtYjY0ZC00NjQ2LTg3ZTQtYjdiZDM4OTJjOWE0IiwidHlwZSI6ImFjY2VzcyIsInN1YiI6MywibmJmIjoxNzI2MDE5NDA0LCJleHAiOjE3MjYwMjAzMDR9.ZdaKAQ_e7k7BHW_b1B5-cbvuc7cIDBFKEnRe0BPNrC4'}, 200)
2024-09-10 21:03:06,126 - INFO - User: 3 On: <class 'api.components.user.user_logic.Login'> : ({'code': 200, 'message': 'Ingreso exitoso!', 'description': 'OK', 'type': 'Success', 'token': 'eyJ0eXAiOiJKV1QiLCJhbGciOiJIUzI1NiJ9.eyJmcmVzaCI6ZmFsc2UsImlhdCI6MTcyNjAyMDE4NiwianRpIjoiZjgyYTQ4NWEtMmFhNC00ODliLWI4YWQtMWIzNjM1NTgyMGY3IiwidHlwZSI6ImFjY2VzcyIsInN1YiI6MywibmJmIjoxNzI2MDIwMTg2LCJleHAiOjE3MjYwMjEwODZ9.I57R8ibTAdBjtyoV3HtyVNHPUSltaLed2eHtVrm2Fn8'}, 200)
2024-09-10 21:11:29,928 - INFO - User: 3 On: <class 'api.components.user.user_logic.Login'> : ({'code': 200, 'message': 'Ingreso exitoso!', 'description': 'OK', 'type': 'Success', 'token': 'eyJ0eXAiOiJKV1QiLCJhbGciOiJIUzI1NiJ9.eyJmcmVzaCI6ZmFsc2UsImlhdCI6MTcyNjAyMDY4OSwianRpIjoiMWM4ZWZmNTgtOWU0NC00MWI2LTkyYWEtYTc3MDQ5MmFhMWMwIiwidHlwZSI6ImFjY2VzcyIsInN1YiI6MywibmJmIjoxNzI2MDIwNjg5LCJleHAiOjE3MjYwMjE1ODl9.2Oew5imJ-Nidv3WEEt3tuabMhrrKxhzfm2O3k9jf5nw'}, 200)
2024-09-10 21:43:01,647 - INFO - User: 3 On: <class 'api.components.user.user_logic.Login'> : ({'code': 200, 'message': 'Ingreso exitoso!', 'description': 'OK', 'type': 'Success', 'token': 'eyJ0eXAiOiJKV1QiLCJhbGciOiJIUzI1NiJ9.eyJmcmVzaCI6ZmFsc2UsImlhdCI6MTcyNjAyMjU4MSwianRpIjoiZThkNDI3MGMtM2ZmYi00MjkzLTgwM2UtOGJkNGFkYjE2MWQ3IiwidHlwZSI6ImFjY2VzcyIsInN1YiI6MywibmJmIjoxNzI2MDIyNTgxLCJleHAiOjE3MjYwMjM0ODF9.HYetHF80U_kYKOnWOtww7F9A_QJtNR9JdazVX8ySO_0'}, 200)
2024-09-11 16:26:46,452 - INFO - User: 3 On: <class 'api.components.user.user_logic.Login'> : ({'code': 200, 'message': 'Ingreso exitoso!', 'description': 'OK', 'type': 'Success', 'token': 'eyJ0eXAiOiJKV1QiLCJhbGciOiJIUzI1NiJ9.eyJmcmVzaCI6ZmFsc2UsImlhdCI6MTcyNjA5MDAwNiwianRpIjoiY2RhOTM0MWEtYjNkNy00NzcyLWJhMDMtYzliN2I5YjNiY2M5IiwidHlwZSI6ImFjY2VzcyIsInN1YiI6MywibmJmIjoxNzI2MDkwMDA2LCJleHAiOjE3MjYwOTA5MDZ9.NfYCMIcbjeTrwP1IuEFwYyCqDy9D-Wvop1XPw_tSUuI'}, 200)
2024-09-11 16:31:31,706 - INFO - User: 3 On: <class 'api.components.user.user_logic.Users'> : Success
2024-09-11 21:23:05,411 - ERROR - User: None On: <class 'api.components.client.ClientManager.ClientManager'> : An error occurred: (pyodbc.ProgrammingError) ('42S22', "[42S22] [Microsoft][ODBC Driver 17 for SQL Server][SQL Server]Invalid column name 'id_contifico'. (207) (SQLExecDirectW); [42S22] [Microsoft][ODBC Driver 17 for SQL Server][SQL Server]Invalid column name 'ruc'. (207); [42S22] [Microsoft][ODBC Driver 17 for SQL Server][SQL Server]Invalid column name 'cedula'. (207); [42S22] [Microsoft][ODBC Driver 17 for SQL Server][SQL Server]Invalid column name 'placa'. (207); [42S22] [Microsoft][ODBC Driver 17 for SQL Server][SQL Server]Invalid column name 'razon_social'. (207); [42S22] [Microsoft][ODBC Driver 17 for SQL Server][SQL Server]Invalid column name 'telefonos'. (207); [42S22] [Microsoft][ODBC Driver 17 for SQL Server][SQL Server]Invalid column name 'direccion'. (207); [42S22] [Microsoft][ODBC Driver 17 for SQL Server][SQL Server]Invalid column name 'tipo'. (207); [42S22] [Microsoft][ODBC Driver 17 for SQL Server][SQL Server]Invalid column name 'es_cliente'. (207); [42S22] [Microsoft][ODBC Driver 17 for SQL Server][SQL Server]Invalid column name 'es_proveedor'. (207); [42S22] [Microsoft][ODBC Driver 17 for SQL Server][SQL Server]Invalid column name 'es_empleado'. (207); [42S22] [Microsoft][ODBC Driver 17 for SQL Server][SQL Server]Invalid column name 'es_corporativo'. (207); [42S22] [Microsoft][ODBC Driver 17 for SQL Server][SQL Server]Invalid column name 'aplicar_cupo'. (207); [42S22] [Microsoft][ODBC Driver 17 for SQL Server][SQL Server]Invalid column name 'email'. (207); [42S22] [Microsoft][ODBC Driver 17 for SQL Server][SQL Server]Invalid column name 'es_vendedor'. (207); [42S22] [Microsoft][ODBC Driver 17 for SQL Server][SQL Server]Invalid column name 'es_extranjero'. (207); [42S22] [Microsoft][ODBC Driver 17 for SQL Server][SQL Server]Invalid column name 'porcentaje_descuento'. (207); [42S22] [Microsoft][ODBC Driver 17 for SQL Server][SQL Server]Invalid column name 'adicional1_cliente'. (207); [42S22] [Microsoft][ODBC Driver 17 for SQL Server][SQL Server]Invalid column name 'adicional2_cliente'. (207); [42S22] [Microsoft][ODBC Driver 17 for SQL Server][SQL Server]Invalid column name 'adicional3_cliente'. (207); [42S22] [Microsoft][ODBC Driver 17 for SQL Server][SQL Server]Invalid column name 'adicional4_cliente'. (207); [42S22] [Microsoft][ODBC Driver 17 for SQL Server][SQL Server]Invalid column name 'adicional1_proveedor'. (207); [42S22] [Microsoft][ODBC Driver 17 for SQL Server][SQL Server]Invalid column name 'adicional2_proveedor'. (207); [42S22] [Microsoft][ODBC Driver 17 for SQL Server][SQL Server]Invalid column name 'adicional3_proveedor'. (207); [42S22] [Microsoft][ODBC Driver 17 for SQL Server][SQL Server]Invalid column name 'adicional4_proveedor'. (207); [42S22] [Microsoft][ODBC Driver 17 for SQL Server][SQL Server]Invalid column name 'banco_codigo_id'. (207); [42S22] [Microsoft][ODBC Driver 17 for SQL Server][SQL Server]Invalid column name 'tipo_cuenta'. (207); [42S22] [Microsoft][ODBC Driver 17 for SQL Server][SQL Server]Invalid column name 'numero_tarjeta'. (207); [42S22] [Microsoft][ODBC Driver 17 for SQL Server][SQL Server]Invalid column name 'personaasociada_id'. (207); [42S22] [Microsoft][ODBC Driver 17 for SQL Server][SQL Server]Invalid column name 'nombre_comercial'. (207); [42S22] [Microsoft][ODBC Driver 17 for SQL Server][SQL Server]Invalid column name 'origen'. (207); [42S22] [Microsoft][ODBC Driver 17 for SQL Server][SQL Server]Invalid column name 'pvp_default'. (207); [42S22] [Microsoft][ODBC Driver 17 for SQL Server][SQL Server]Invalid column name 'id_categoria'. (207); [42S22] [Microsoft][ODBC Driver 17 for SQL Server][SQL Server]Invalid column name 'categoria_nombre'. (207); [42S22] [Microsoft][ODBC Driver 17 for SQL Server][SQL Server]Statement(s) could not be prepared. (8180)")
[SQL: INSERT INTO client (id, id_contifico, ruc, cedula, placa, razon_social, telefonos, direccion, tipo, es_cliente, es_proveedor, es_empleado, es_corporativo, aplicar_cupo, email, es_vendedor, es_extranjero, porcentaje_descuento, adicional1_cliente, adicional2_cliente, adicional3_cliente, adicional4_cliente, adicional1_proveedor, adicional2_proveedor, adicional3_proveedor, adicional4_proveedor, banco_codigo_id, tipo_cuenta, numero_tarjeta, personaasociada_id, nombre_comercial, origen, pvp_default, id_categoria, categoria_nombre) VALUES (?, ?, ?, ?, ?, ?, ?, ?, ?, ?, ?, ?, ?, ?, ?, ?, ?, ?, ?, ?, ?, ?, ?, ?, ?, ?, ?, ?, ?, ?, ?, ?, ?, ?, ?)]
[parameters: (('91qdGRzXs1lKbN8j', None, None, None, None, None, None, None, None, None, None, None, None, None, None, None, None, None, None, None, None, None, None, None, None, None, None, None, None, None, None, None, None, None, None), ('1mBdJ8z1Cqz3a0J6', None, None, None, None, None, None, None, None, None, None, None, None, None, None, None, None, None, None, None, None, None, None, None, None, None, None, None, None, None, None, None, None, None, None), ('lY4er2qDc8jPe2Lz', None, None, None, None, None, None, None, None, None, None, None, None, None, None, None, None, None, None, None, None, None, None, None, None, None, None, None, None, None, None, None, None, None, None), ('4LmavQx1t7gpe3Nr', None, None, None, None, None, None, None, None, None, None, None, None, None, None, None, None, None, None, None, None, None, None, None, None, None, None, None, None, None, None, None, None, None, None), ('5gQbWP0kf5YRd6w2', None, None, None, None, None, None, None, None, None, None, None, None, None, None, None, None, None, None, None, None, None, None, None, None, None, None, None, None, None, None, None, None, None, None), ('XPnaznJVfMBQaO2y', None, None, None, None, None, None, None, None, None, None, None, None, None, None, None, None, None, None, None, None, None, None, None, None, None, None, None, None, None, None, None, None, None, None), ('yBXdLPElfROydJZY', None, None, None, None, None, None, None, None, None, None, None, None, None, None, None, None, None, None, None, None, None, None, None, None, None, None, None, None, None, None, None, None, None, None), ('gArb6VOvcr9jbyR7', None, None, None, None, None, None, None, None, None, None, None, None, None, None, None, None, None, None, None, None, None, None, None, None, None, None, None, None, None, None, None, None, None, None)  ... displaying 10 of 12 total bound parameter sets ...  ('N5wbo229pCrGjaxE', None, None, None, None, None, None, None, None, None, None, None, None, None, None, None, None, None, None, None, None, None, None, None, None, None, None, None, None, None, None, None, None, None, None), ('gArb688N2cr9jeyR', None, None, None, None, None, None, None, None, None, None, None, None, None, None, None, None, None, None, None, None, None, None, None, None, None, None, None, None, None, None, None, None, None, None))]
(Background on this error at: https://sqlalche.me/e/14/f405) : Traceback (most recent call last):
  File "C:\Users\pinto\Documents\personales\projects\CR\cr_api\.venv\lib\site-packages\sqlalchemy\engine\base.py", line 1779, in _execute_context
    self.dialect.do_executemany(
  File "C:\Users\pinto\Documents\personales\projects\CR\cr_api\.venv\lib\site-packages\sqlalchemy\dialects\mssql\pyodbc.py", line 550, in do_executemany
    super(MSDialect_pyodbc, self).do_executemany(
  File "C:\Users\pinto\Documents\personales\projects\CR\cr_api\.venv\lib\site-packages\sqlalchemy\engine\default.py", line 714, in do_executemany
    cursor.executemany(statement, parameters)
pyodbc.ProgrammingError: ('42S22', "[42S22] [Microsoft][ODBC Driver 17 for SQL Server][SQL Server]Invalid column name 'id_contifico'. (207) (SQLExecDirectW); [42S22] [Microsoft][ODBC Driver 17 for SQL Server][SQL Server]Invalid column name 'ruc'. (207); [42S22] [Microsoft][ODBC Driver 17 for SQL Server][SQL Server]Invalid column name 'cedula'. (207); [42S22] [Microsoft][ODBC Driver 17 for SQL Server][SQL Server]Invalid column name 'placa'. (207); [42S22] [Microsoft][ODBC Driver 17 for SQL Server][SQL Server]Invalid column name 'razon_social'. (207); [42S22] [Microsoft][ODBC Driver 17 for SQL Server][SQL Server]Invalid column name 'telefonos'. (207); [42S22] [Microsoft][ODBC Driver 17 for SQL Server][SQL Server]Invalid column name 'direccion'. (207); [42S22] [Microsoft][ODBC Driver 17 for SQL Server][SQL Server]Invalid column name 'tipo'. (207); [42S22] [Microsoft][ODBC Driver 17 for SQL Server][SQL Server]Invalid column name 'es_cliente'. (207); [42S22] [Microsoft][ODBC Driver 17 for SQL Server][SQL Server]Invalid column name 'es_proveedor'. (207); [42S22] [Microsoft][ODBC Driver 17 for SQL Server][SQL Server]Invalid column name 'es_empleado'. (207); [42S22] [Microsoft][ODBC Driver 17 for SQL Server][SQL Server]Invalid column name 'es_corporativo'. (207); [42S22] [Microsoft][ODBC Driver 17 for SQL Server][SQL Server]Invalid column name 'aplicar_cupo'. (207); [42S22] [Microsoft][ODBC Driver 17 for SQL Server][SQL Server]Invalid column name 'email'. (207); [42S22] [Microsoft][ODBC Driver 17 for SQL Server][SQL Server]Invalid column name 'es_vendedor'. (207); [42S22] [Microsoft][ODBC Driver 17 for SQL Server][SQL Server]Invalid column name 'es_extranjero'. (207); [42S22] [Microsoft][ODBC Driver 17 for SQL Server][SQL Server]Invalid column name 'porcentaje_descuento'. (207); [42S22] [Microsoft][ODBC Driver 17 for SQL Server][SQL Server]Invalid column name 'adicional1_cliente'. (207); [42S22] [Microsoft][ODBC Driver 17 for SQL Server][SQL Server]Invalid column name 'adicional2_cliente'. (207); [42S22] [Microsoft][ODBC Driver 17 for SQL Server][SQL Server]Invalid column name 'adicional3_cliente'. (207); [42S22] [Microsoft][ODBC Driver 17 for SQL Server][SQL Server]Invalid column name 'adicional4_cliente'. (207); [42S22] [Microsoft][ODBC Driver 17 for SQL Server][SQL Server]Invalid column name 'adicional1_proveedor'. (207); [42S22] [Microsoft][ODBC Driver 17 for SQL Server][SQL Server]Invalid column name 'adicional2_proveedor'. (207); [42S22] [Microsoft][ODBC Driver 17 for SQL Server][SQL Server]Invalid column name 'adicional3_proveedor'. (207); [42S22] [Microsoft][ODBC Driver 17 for SQL Server][SQL Server]Invalid column name 'adicional4_proveedor'. (207); [42S22] [Microsoft][ODBC Driver 17 for SQL Server][SQL Server]Invalid column name 'banco_codigo_id'. (207); [42S22] [Microsoft][ODBC Driver 17 for SQL Server][SQL Server]Invalid column name 'tipo_cuenta'. (207); [42S22] [Microsoft][ODBC Driver 17 for SQL Server][SQL Server]Invalid column name 'numero_tarjeta'. (207); [42S22] [Microsoft][ODBC Driver 17 for SQL Server][SQL Server]Invalid column name 'personaasociada_id'. (207); [42S22] [Microsoft][ODBC Driver 17 for SQL Server][SQL Server]Invalid column name 'nombre_comercial'. (207); [42S22] [Microsoft][ODBC Driver 17 for SQL Server][SQL Server]Invalid column name 'origen'. (207); [42S22] [Microsoft][ODBC Driver 17 for SQL Server][SQL Server]Invalid column name 'pvp_default'. (207); [42S22] [Microsoft][ODBC Driver 17 for SQL Server][SQL Server]Invalid column name 'id_categoria'. (207); [42S22] [Microsoft][ODBC Driver 17 for SQL Server][SQL Server]Invalid column name 'categoria_nombre'. (207); [42S22] [Microsoft][ODBC Driver 17 for SQL Server][SQL Server]Statement(s) could not be prepared. (8180)")

The above exception was the direct cause of the following exception:

Traceback (most recent call last):
  File "C:\Users\pinto\Documents\personales\projects\cr\cr_api\api\components\client\ClientManager.py", line 61, in getClientData
    db.session.commit()
  File "<string>", line 2, in commit
  File "C:\Users\pinto\Documents\personales\projects\CR\cr_api\.venv\lib\site-packages\sqlalchemy\orm\session.py", line 1428, in commit
    self._transaction.commit(_to_root=self.future)
  File "C:\Users\pinto\Documents\personales\projects\CR\cr_api\.venv\lib\site-packages\sqlalchemy\orm\session.py", line 829, in commit
    self._prepare_impl()
  File "C:\Users\pinto\Documents\personales\projects\CR\cr_api\.venv\lib\site-packages\sqlalchemy\orm\session.py", line 808, in _prepare_impl
    self.session.flush()
  File "C:\Users\pinto\Documents\personales\projects\CR\cr_api\.venv\lib\site-packages\sqlalchemy\orm\session.py", line 3339, in flush
    self._flush(objects)
  File "C:\Users\pinto\Documents\personales\projects\CR\cr_api\.venv\lib\site-packages\sqlalchemy\orm\session.py", line 3479, in _flush
    transaction.rollback(_capture_exception=True)
  File "C:\Users\pinto\Documents\personales\projects\CR\cr_api\.venv\lib\site-packages\sqlalchemy\util\langhelpers.py", line 70, in __exit__
    compat.raise_(
  File "C:\Users\pinto\Documents\personales\projects\CR\cr_api\.venv\lib\site-packages\sqlalchemy\util\compat.py", line 207, in raise_
    raise exception
  File "C:\Users\pinto\Documents\personales\projects\CR\cr_api\.venv\lib\site-packages\sqlalchemy\orm\session.py", line 3439, in _flush
    flush_context.execute()
  File "C:\Users\pinto\Documents\personales\projects\CR\cr_api\.venv\lib\site-packages\sqlalchemy\orm\unitofwork.py", line 456, in execute
    rec.execute(self)
  File "C:\Users\pinto\Documents\personales\projects\CR\cr_api\.venv\lib\site-packages\sqlalchemy\orm\unitofwork.py", line 630, in execute
    util.preloaded.orm_persistence.save_obj(
  File "C:\Users\pinto\Documents\personales\projects\CR\cr_api\.venv\lib\site-packages\sqlalchemy\orm\persistence.py", line 242, in save_obj
    _emit_insert_statements(
  File "C:\Users\pinto\Documents\personales\projects\CR\cr_api\.venv\lib\site-packages\sqlalchemy\orm\persistence.py", line 1094, in _emit_insert_statements
    c = connection._execute_20(
  File "C:\Users\pinto\Documents\personales\projects\CR\cr_api\.venv\lib\site-packages\sqlalchemy\engine\base.py", line 1611, in _execute_20
    return meth(self, args_10style, kwargs_10style, execution_options)
  File "C:\Users\pinto\Documents\personales\projects\CR\cr_api\.venv\lib\site-packages\sqlalchemy\sql\elements.py", line 323, in _execute_on_connection
    return connection._execute_clauseelement(
  File "C:\Users\pinto\Documents\personales\projects\CR\cr_api\.venv\lib\site-packages\sqlalchemy\engine\base.py", line 1478, in _execute_clauseelement
    ret = self._execute_context(
  File "C:\Users\pinto\Documents\personales\projects\CR\cr_api\.venv\lib\site-packages\sqlalchemy\engine\base.py", line 1842, in _execute_context
    self._handle_dbapi_exception(
  File "C:\Users\pinto\Documents\personales\projects\CR\cr_api\.venv\lib\site-packages\sqlalchemy\engine\base.py", line 2023, in _handle_dbapi_exception
    util.raise_(
  File "C:\Users\pinto\Documents\personales\projects\CR\cr_api\.venv\lib\site-packages\sqlalchemy\util\compat.py", line 207, in raise_
    raise exception
  File "C:\Users\pinto\Documents\personales\projects\CR\cr_api\.venv\lib\site-packages\sqlalchemy\engine\base.py", line 1779, in _execute_context
    self.dialect.do_executemany(
  File "C:\Users\pinto\Documents\personales\projects\CR\cr_api\.venv\lib\site-packages\sqlalchemy\dialects\mssql\pyodbc.py", line 550, in do_executemany
    super(MSDialect_pyodbc, self).do_executemany(
  File "C:\Users\pinto\Documents\personales\projects\CR\cr_api\.venv\lib\site-packages\sqlalchemy\engine\default.py", line 714, in do_executemany
    cursor.executemany(statement, parameters)
sqlalchemy.exc.ProgrammingError: (pyodbc.ProgrammingError) ('42S22', "[42S22] [Microsoft][ODBC Driver 17 for SQL Server][SQL Server]Invalid column name 'id_contifico'. (207) (SQLExecDirectW); [42S22] [Microsoft][ODBC Driver 17 for SQL Server][SQL Server]Invalid column name 'ruc'. (207); [42S22] [Microsoft][ODBC Driver 17 for SQL Server][SQL Server]Invalid column name 'cedula'. (207); [42S22] [Microsoft][ODBC Driver 17 for SQL Server][SQL Server]Invalid column name 'placa'. (207); [42S22] [Microsoft][ODBC Driver 17 for SQL Server][SQL Server]Invalid column name 'razon_social'. (207); [42S22] [Microsoft][ODBC Driver 17 for SQL Server][SQL Server]Invalid column name 'telefonos'. (207); [42S22] [Microsoft][ODBC Driver 17 for SQL Server][SQL Server]Invalid column name 'direccion'. (207); [42S22] [Microsoft][ODBC Driver 17 for SQL Server][SQL Server]Invalid column name 'tipo'. (207); [42S22] [Microsoft][ODBC Driver 17 for SQL Server][SQL Server]Invalid column name 'es_cliente'. (207); [42S22] [Microsoft][ODBC Driver 17 for SQL Server][SQL Server]Invalid column name 'es_proveedor'. (207); [42S22] [Microsoft][ODBC Driver 17 for SQL Server][SQL Server]Invalid column name 'es_empleado'. (207); [42S22] [Microsoft][ODBC Driver 17 for SQL Server][SQL Server]Invalid column name 'es_corporativo'. (207); [42S22] [Microsoft][ODBC Driver 17 for SQL Server][SQL Server]Invalid column name 'aplicar_cupo'. (207); [42S22] [Microsoft][ODBC Driver 17 for SQL Server][SQL Server]Invalid column name 'email'. (207); [42S22] [Microsoft][ODBC Driver 17 for SQL Server][SQL Server]Invalid column name 'es_vendedor'. (207); [42S22] [Microsoft][ODBC Driver 17 for SQL Server][SQL Server]Invalid column name 'es_extranjero'. (207); [42S22] [Microsoft][ODBC Driver 17 for SQL Server][SQL Server]Invalid column name 'porcentaje_descuento'. (207); [42S22] [Microsoft][ODBC Driver 17 for SQL Server][SQL Server]Invalid column name 'adicional1_cliente'. (207); [42S22] [Microsoft][ODBC Driver 17 for SQL Server][SQL Server]Invalid column name 'adicional2_cliente'. (207); [42S22] [Microsoft][ODBC Driver 17 for SQL Server][SQL Server]Invalid column name 'adicional3_cliente'. (207); [42S22] [Microsoft][ODBC Driver 17 for SQL Server][SQL Server]Invalid column name 'adicional4_cliente'. (207); [42S22] [Microsoft][ODBC Driver 17 for SQL Server][SQL Server]Invalid column name 'adicional1_proveedor'. (207); [42S22] [Microsoft][ODBC Driver 17 for SQL Server][SQL Server]Invalid column name 'adicional2_proveedor'. (207); [42S22] [Microsoft][ODBC Driver 17 for SQL Server][SQL Server]Invalid column name 'adicional3_proveedor'. (207); [42S22] [Microsoft][ODBC Driver 17 for SQL Server][SQL Server]Invalid column name 'adicional4_proveedor'. (207); [42S22] [Microsoft][ODBC Driver 17 for SQL Server][SQL Server]Invalid column name 'banco_codigo_id'. (207); [42S22] [Microsoft][ODBC Driver 17 for SQL Server][SQL Server]Invalid column name 'tipo_cuenta'. (207); [42S22] [Microsoft][ODBC Driver 17 for SQL Server][SQL Server]Invalid column name 'numero_tarjeta'. (207); [42S22] [Microsoft][ODBC Driver 17 for SQL Server][SQL Server]Invalid column name 'personaasociada_id'. (207); [42S22] [Microsoft][ODBC Driver 17 for SQL Server][SQL Server]Invalid column name 'nombre_comercial'. (207); [42S22] [Microsoft][ODBC Driver 17 for SQL Server][SQL Server]Invalid column name 'origen'. (207); [42S22] [Microsoft][ODBC Driver 17 for SQL Server][SQL Server]Invalid column name 'pvp_default'. (207); [42S22] [Microsoft][ODBC Driver 17 for SQL Server][SQL Server]Invalid column name 'id_categoria'. (207); [42S22] [Microsoft][ODBC Driver 17 for SQL Server][SQL Server]Invalid column name 'categoria_nombre'. (207); [42S22] [Microsoft][ODBC Driver 17 for SQL Server][SQL Server]Statement(s) could not be prepared. (8180)")
[SQL: INSERT INTO client (id, id_contifico, ruc, cedula, placa, razon_social, telefonos, direccion, tipo, es_cliente, es_proveedor, es_empleado, es_corporativo, aplicar_cupo, email, es_vendedor, es_extranjero, porcentaje_descuento, adicional1_cliente, adicional2_cliente, adicional3_cliente, adicional4_cliente, adicional1_proveedor, adicional2_proveedor, adicional3_proveedor, adicional4_proveedor, banco_codigo_id, tipo_cuenta, numero_tarjeta, personaasociada_id, nombre_comercial, origen, pvp_default, id_categoria, categoria_nombre) VALUES (?, ?, ?, ?, ?, ?, ?, ?, ?, ?, ?, ?, ?, ?, ?, ?, ?, ?, ?, ?, ?, ?, ?, ?, ?, ?, ?, ?, ?, ?, ?, ?, ?, ?, ?)]
[parameters: (('91qdGRzXs1lKbN8j', None, None, None, None, None, None, None, None, None, None, None, None, None, None, None, None, None, None, None, None, None, None, None, None, None, None, None, None, None, None, None, None, None, None), ('1mBdJ8z1Cqz3a0J6', None, None, None, None, None, None, None, None, None, None, None, None, None, None, None, None, None, None, None, None, None, None, None, None, None, None, None, None, None, None, None, None, None, None), ('lY4er2qDc8jPe2Lz', None, None, None, None, None, None, None, None, None, None, None, None, None, None, None, None, None, None, None, None, None, None, None, None, None, None, None, None, None, None, None, None, None, None), ('4LmavQx1t7gpe3Nr', None, None, None, None, None, None, None, None, None, None, None, None, None, None, None, None, None, None, None, None, None, None, None, None, None, None, None, None, None, None, None, None, None, None), ('5gQbWP0kf5YRd6w2', None, None, None, None, None, None, None, None, None, None, None, None, None, None, None, None, None, None, None, None, None, None, None, None, None, None, None, None, None, None, None, None, None, None), ('XPnaznJVfMBQaO2y', None, None, None, None, None, None, None, None, None, None, None, None, None, None, None, None, None, None, None, None, None, None, None, None, None, None, None, None, None, None, None, None, None, None), ('yBXdLPElfROydJZY', None, None, None, None, None, None, None, None, None, None, None, None, None, None, None, None, None, None, None, None, None, None, None, None, None, None, None, None, None, None, None, None, None, None), ('gArb6VOvcr9jbyR7', None, None, None, None, None, None, None, None, None, None, None, None, None, None, None, None, None, None, None, None, None, None, None, None, None, None, None, None, None, None, None, None, None, None)  ... displaying 10 of 12 total bound parameter sets ...  ('N5wbo229pCrGjaxE', None, None, None, None, None, None, None, None, None, None, None, None, None, None, None, None, None, None, None, None, None, None, None, None, None, None, None, None, None, None, None, None, None, None), ('gArb688N2cr9jeyR', None, None, None, None, None, None, None, None, None, None, None, None, None, None, None, None, None, None, None, None, None, None, None, None, None, None, None, None, None, None, None, None, None, None))]
(Background on this error at: https://sqlalche.me/e/14/f405)

2024-09-11 21:26:49,225 - ERROR - User: None On: <class 'api.components.client.ClientManager.ClientManager'> : An error occurred: (pyodbc.DataError) ('22018', "[22018] [Microsoft][ODBC Driver 17 for SQL Server][SQL Server]Conversion failed when converting the nvarchar value '91qdGRzXs1lKbN8j' to data type int. (245) (SQLExecDirectW)")
[SQL: INSERT INTO client (id, id_contifico, ruc, cedula, placa, razon_social, telefonos, direccion, tipo, es_cliente, es_proveedor, es_empleado, es_corporativo, aplicar_cupo, email, es_vendedor, es_extranjero, porcentaje_descuento, adicional1_cliente, adicional2_cliente, adicional3_cliente, adicional4_cliente, adicional1_proveedor, adicional2_proveedor, adicional3_proveedor, adicional4_proveedor, banco_codigo_id, tipo_cuenta, numero_tarjeta, personaasociada_id, nombre_comercial, origen, pvp_default, id_categoria, categoria_nombre) VALUES (?, ?, ?, ?, ?, ?, ?, ?, ?, ?, ?, ?, ?, ?, ?, ?, ?, ?, ?, ?, ?, ?, ?, ?, ?, ?, ?, ?, ?, ?, ?, ?, ?, ?, ?)]
[parameters: (('91qdGRzXs1lKbN8j', None, None, None, None, None, None, None, None, None, None, None, None, None, None, None, None, None, None, None, None, None, None, None, None, None, None, None, None, None, None, None, None, None, None), ('1mBdJ8z1Cqz3a0J6', None, None, None, None, None, None, None, None, None, None, None, None, None, None, None, None, None, None, None, None, None, None, None, None, None, None, None, None, None, None, None, None, None, None), ('lY4er2qDc8jPe2Lz', None, None, None, None, None, None, None, None, None, None, None, None, None, None, None, None, None, None, None, None, None, None, None, None, None, None, None, None, None, None, None, None, None, None), ('4LmavQx1t7gpe3Nr', None, None, None, None, None, None, None, None, None, None, None, None, None, None, None, None, None, None, None, None, None, None, None, None, None, None, None, None, None, None, None, None, None, None), ('5gQbWP0kf5YRd6w2', None, None, None, None, None, None, None, None, None, None, None, None, None, None, None, None, None, None, None, None, None, None, None, None, None, None, None, None, None, None, None, None, None, None), ('XPnaznJVfMBQaO2y', None, None, None, None, None, None, None, None, None, None, None, None, None, None, None, None, None, None, None, None, None, None, None, None, None, None, None, None, None, None, None, None, None, None), ('yBXdLPElfROydJZY', None, None, None, None, None, None, None, None, None, None, None, None, None, None, None, None, None, None, None, None, None, None, None, None, None, None, None, None, None, None, None, None, None, None), ('gArb6VOvcr9jbyR7', None, None, None, None, None, None, None, None, None, None, None, None, None, None, None, None, None, None, None, None, None, None, None, None, None, None, None, None, None, None, None, None, None, None)  ... displaying 10 of 12 total bound parameter sets ...  ('N5wbo229pCrGjaxE', None, None, None, None, None, None, None, None, None, None, None, None, None, None, None, None, None, None, None, None, None, None, None, None, None, None, None, None, None, None, None, None, None, None), ('gArb688N2cr9jeyR', None, None, None, None, None, None, None, None, None, None, None, None, None, None, None, None, None, None, None, None, None, None, None, None, None, None, None, None, None, None, None, None, None, None))]
(Background on this error at: https://sqlalche.me/e/14/9h9h) : Traceback (most recent call last):
  File "C:\Users\pinto\Documents\personales\projects\CR\cr_api\.venv\lib\site-packages\sqlalchemy\engine\base.py", line 1779, in _execute_context
    self.dialect.do_executemany(
  File "C:\Users\pinto\Documents\personales\projects\CR\cr_api\.venv\lib\site-packages\sqlalchemy\dialects\mssql\pyodbc.py", line 550, in do_executemany
    super(MSDialect_pyodbc, self).do_executemany(
  File "C:\Users\pinto\Documents\personales\projects\CR\cr_api\.venv\lib\site-packages\sqlalchemy\engine\default.py", line 714, in do_executemany
    cursor.executemany(statement, parameters)
pyodbc.DataError: ('22018', "[22018] [Microsoft][ODBC Driver 17 for SQL Server][SQL Server]Conversion failed when converting the nvarchar value '91qdGRzXs1lKbN8j' to data type int. (245) (SQLExecDirectW)")

The above exception was the direct cause of the following exception:

Traceback (most recent call last):
  File "C:\Users\pinto\Documents\personales\projects\cr\cr_api\api\components\client\ClientManager.py", line 61, in getClientData
    db.session.commit()
  File "<string>", line 2, in commit
  File "C:\Users\pinto\Documents\personales\projects\CR\cr_api\.venv\lib\site-packages\sqlalchemy\orm\session.py", line 1428, in commit
    self._transaction.commit(_to_root=self.future)
  File "C:\Users\pinto\Documents\personales\projects\CR\cr_api\.venv\lib\site-packages\sqlalchemy\orm\session.py", line 829, in commit
    self._prepare_impl()
  File "C:\Users\pinto\Documents\personales\projects\CR\cr_api\.venv\lib\site-packages\sqlalchemy\orm\session.py", line 808, in _prepare_impl
    self.session.flush()
  File "C:\Users\pinto\Documents\personales\projects\CR\cr_api\.venv\lib\site-packages\sqlalchemy\orm\session.py", line 3339, in flush
    self._flush(objects)
  File "C:\Users\pinto\Documents\personales\projects\CR\cr_api\.venv\lib\site-packages\sqlalchemy\orm\session.py", line 3479, in _flush
    transaction.rollback(_capture_exception=True)
  File "C:\Users\pinto\Documents\personales\projects\CR\cr_api\.venv\lib\site-packages\sqlalchemy\util\langhelpers.py", line 70, in __exit__
    compat.raise_(
  File "C:\Users\pinto\Documents\personales\projects\CR\cr_api\.venv\lib\site-packages\sqlalchemy\util\compat.py", line 207, in raise_
    raise exception
  File "C:\Users\pinto\Documents\personales\projects\CR\cr_api\.venv\lib\site-packages\sqlalchemy\orm\session.py", line 3439, in _flush
    flush_context.execute()
  File "C:\Users\pinto\Documents\personales\projects\CR\cr_api\.venv\lib\site-packages\sqlalchemy\orm\unitofwork.py", line 456, in execute
    rec.execute(self)
  File "C:\Users\pinto\Documents\personales\projects\CR\cr_api\.venv\lib\site-packages\sqlalchemy\orm\unitofwork.py", line 630, in execute
    util.preloaded.orm_persistence.save_obj(
  File "C:\Users\pinto\Documents\personales\projects\CR\cr_api\.venv\lib\site-packages\sqlalchemy\orm\persistence.py", line 242, in save_obj
    _emit_insert_statements(
  File "C:\Users\pinto\Documents\personales\projects\CR\cr_api\.venv\lib\site-packages\sqlalchemy\orm\persistence.py", line 1094, in _emit_insert_statements
    c = connection._execute_20(
  File "C:\Users\pinto\Documents\personales\projects\CR\cr_api\.venv\lib\site-packages\sqlalchemy\engine\base.py", line 1611, in _execute_20
    return meth(self, args_10style, kwargs_10style, execution_options)
  File "C:\Users\pinto\Documents\personales\projects\CR\cr_api\.venv\lib\site-packages\sqlalchemy\sql\elements.py", line 323, in _execute_on_connection
    return connection._execute_clauseelement(
  File "C:\Users\pinto\Documents\personales\projects\CR\cr_api\.venv\lib\site-packages\sqlalchemy\engine\base.py", line 1478, in _execute_clauseelement
    ret = self._execute_context(
  File "C:\Users\pinto\Documents\personales\projects\CR\cr_api\.venv\lib\site-packages\sqlalchemy\engine\base.py", line 1842, in _execute_context
    self._handle_dbapi_exception(
  File "C:\Users\pinto\Documents\personales\projects\CR\cr_api\.venv\lib\site-packages\sqlalchemy\engine\base.py", line 2023, in _handle_dbapi_exception
    util.raise_(
  File "C:\Users\pinto\Documents\personales\projects\CR\cr_api\.venv\lib\site-packages\sqlalchemy\util\compat.py", line 207, in raise_
    raise exception
  File "C:\Users\pinto\Documents\personales\projects\CR\cr_api\.venv\lib\site-packages\sqlalchemy\engine\base.py", line 1779, in _execute_context
    self.dialect.do_executemany(
  File "C:\Users\pinto\Documents\personales\projects\CR\cr_api\.venv\lib\site-packages\sqlalchemy\dialects\mssql\pyodbc.py", line 550, in do_executemany
    super(MSDialect_pyodbc, self).do_executemany(
  File "C:\Users\pinto\Documents\personales\projects\CR\cr_api\.venv\lib\site-packages\sqlalchemy\engine\default.py", line 714, in do_executemany
    cursor.executemany(statement, parameters)
sqlalchemy.exc.DataError: (pyodbc.DataError) ('22018', "[22018] [Microsoft][ODBC Driver 17 for SQL Server][SQL Server]Conversion failed when converting the nvarchar value '91qdGRzXs1lKbN8j' to data type int. (245) (SQLExecDirectW)")
[SQL: INSERT INTO client (id, id_contifico, ruc, cedula, placa, razon_social, telefonos, direccion, tipo, es_cliente, es_proveedor, es_empleado, es_corporativo, aplicar_cupo, email, es_vendedor, es_extranjero, porcentaje_descuento, adicional1_cliente, adicional2_cliente, adicional3_cliente, adicional4_cliente, adicional1_proveedor, adicional2_proveedor, adicional3_proveedor, adicional4_proveedor, banco_codigo_id, tipo_cuenta, numero_tarjeta, personaasociada_id, nombre_comercial, origen, pvp_default, id_categoria, categoria_nombre) VALUES (?, ?, ?, ?, ?, ?, ?, ?, ?, ?, ?, ?, ?, ?, ?, ?, ?, ?, ?, ?, ?, ?, ?, ?, ?, ?, ?, ?, ?, ?, ?, ?, ?, ?, ?)]
[parameters: (('91qdGRzXs1lKbN8j', None, None, None, None, None, None, None, None, None, None, None, None, None, None, None, None, None, None, None, None, None, None, None, None, None, None, None, None, None, None, None, None, None, None), ('1mBdJ8z1Cqz3a0J6', None, None, None, None, None, None, None, None, None, None, None, None, None, None, None, None, None, None, None, None, None, None, None, None, None, None, None, None, None, None, None, None, None, None), ('lY4er2qDc8jPe2Lz', None, None, None, None, None, None, None, None, None, None, None, None, None, None, None, None, None, None, None, None, None, None, None, None, None, None, None, None, None, None, None, None, None, None), ('4LmavQx1t7gpe3Nr', None, None, None, None, None, None, None, None, None, None, None, None, None, None, None, None, None, None, None, None, None, None, None, None, None, None, None, None, None, None, None, None, None, None), ('5gQbWP0kf5YRd6w2', None, None, None, None, None, None, None, None, None, None, None, None, None, None, None, None, None, None, None, None, None, None, None, None, None, None, None, None, None, None, None, None, None, None), ('XPnaznJVfMBQaO2y', None, None, None, None, None, None, None, None, None, None, None, None, None, None, None, None, None, None, None, None, None, None, None, None, None, None, None, None, None, None, None, None, None, None), ('yBXdLPElfROydJZY', None, None, None, None, None, None, None, None, None, None, None, None, None, None, None, None, None, None, None, None, None, None, None, None, None, None, None, None, None, None, None, None, None, None), ('gArb6VOvcr9jbyR7', None, None, None, None, None, None, None, None, None, None, None, None, None, None, None, None, None, None, None, None, None, None, None, None, None, None, None, None, None, None, None, None, None, None)  ... displaying 10 of 12 total bound parameter sets ...  ('N5wbo229pCrGjaxE', None, None, None, None, None, None, None, None, None, None, None, None, None, None, None, None, None, None, None, None, None, None, None, None, None, None, None, None, None, None, None, None, None, None), ('gArb688N2cr9jeyR', None, None, None, None, None, None, None, None, None, None, None, None, None, None, None, None, None, None, None, None, None, None, None, None, None, None, None, None, None, None, None, None, None, None))]
(Background on this error at: https://sqlalche.me/e/14/9h9h)

2024-09-11 21:34:36,005 - ERROR - User: None On: <class 'api.components.client.ClientManager.ClientManager'> : An error occurred: 'ruc' : Traceback (most recent call last):
  File "C:\Users\pinto\Documents\personales\projects\cr\cr_api\api\components\client\ClientManager.py", line 24, in getClientData
    print(client["ruc"])
KeyError: 'ruc'

2024-09-11 21:41:57,622 - ERROR - User: None On: <class 'api.components.client.ClientManager.ClientManager'> : An error occurred: (pyodbc.ProgrammingError) ('42000', "[42000] [Microsoft][ODBC Driver 17 for SQL Server][SQL Server]String or binary data would be truncated in table 'cr_test.dbo.client', column 'email'. Truncated value: 'Supplier.ecuador@ariadnacg.com,Alexandra.teran@ari'. (2628) (SQLExecDirectW); [42000] [Microsoft][ODBC Driver 17 for SQL Server][SQL Server]The statement has been terminated. (3621)")
[SQL: INSERT INTO client (id, ruc, cedula, placa, razon_social, telefonos, direccion, tipo, es_cliente, es_proveedor, es_empleado, es_corporativo, aplicar_cupo, email, es_vendedor, es_extranjero, porcentaje_descuento, adicional1_cliente, adicional2_cliente, adicional3_cliente, adicional4_cliente, adicional1_proveedor, adicional2_proveedor, adicional3_proveedor, adicional4_proveedor, banco_codigo_id, tipo_cuenta, numero_tarjeta, personaasociada_id, nombre_comercial, origen, pvp_default, id_categoria, categoria_nombre) OUTPUT inserted.id_client VALUES (?, ?, ?, ?, ?, ?, ?, ?, ?, ?, ?, ?, ?, ?, ?, ?, ?, ?, ?, ?, ?, ?, ?, ?, ?, ?, ?, ?, ?, ?, ?, ?, ?, ?)]
[parameters: ('DGe7AryRKCA64bn2', '1793148654001', '', None, 'ARESCOMMUNICATIONS S.A.S.', '3326083', 'Av. República del Salvador E10 y Moscú', 'J', 1, 0, 0, 0, 0, 'Supplier.ecuador@ariadnacg.com,Alexandra.teran@ariadnacg.com', 0, 0, None, '', '', '', '', '', '', '', '', None, None, '', None, 'ARESCOMMUNICATIONS S.A.S.', None, '', 'k0pZeVjKIxKNeGWX', 'RETAIL B')]
(Background on this error at: https://sqlalche.me/e/14/f405) : Traceback (most recent call last):
  File "C:\Users\pinto\Documents\personales\projects\CR\cr_api\.venv\lib\site-packages\sqlalchemy\engine\base.py", line 1799, in _execute_context
    self.dialect.do_execute(
  File "C:\Users\pinto\Documents\personales\projects\CR\cr_api\.venv\lib\site-packages\sqlalchemy\engine\default.py", line 717, in do_execute
    cursor.execute(statement, parameters)
pyodbc.ProgrammingError: ('42000', "[42000] [Microsoft][ODBC Driver 17 for SQL Server][SQL Server]String or binary data would be truncated in table 'cr_test.dbo.client', column 'email'. Truncated value: 'Supplier.ecuador@ariadnacg.com,Alexandra.teran@ari'. (2628) (SQLExecDirectW); [42000] [Microsoft][ODBC Driver 17 for SQL Server][SQL Server]The statement has been terminated. (3621)")

The above exception was the direct cause of the following exception:

Traceback (most recent call last):
  File "C:\Users\pinto\Documents\personales\projects\cr\cr_api\api\components\client\ClientManager.py", line 61, in getClientData
    db.session.commit()
  File "<string>", line 2, in commit
  File "C:\Users\pinto\Documents\personales\projects\CR\cr_api\.venv\lib\site-packages\sqlalchemy\orm\session.py", line 1428, in commit
    self._transaction.commit(_to_root=self.future)
  File "C:\Users\pinto\Documents\personales\projects\CR\cr_api\.venv\lib\site-packages\sqlalchemy\orm\session.py", line 829, in commit
    self._prepare_impl()
  File "C:\Users\pinto\Documents\personales\projects\CR\cr_api\.venv\lib\site-packages\sqlalchemy\orm\session.py", line 808, in _prepare_impl
    self.session.flush()
  File "C:\Users\pinto\Documents\personales\projects\CR\cr_api\.venv\lib\site-packages\sqlalchemy\orm\session.py", line 3339, in flush
    self._flush(objects)
  File "C:\Users\pinto\Documents\personales\projects\CR\cr_api\.venv\lib\site-packages\sqlalchemy\orm\session.py", line 3479, in _flush
    transaction.rollback(_capture_exception=True)
  File "C:\Users\pinto\Documents\personales\projects\CR\cr_api\.venv\lib\site-packages\sqlalchemy\util\langhelpers.py", line 70, in __exit__
    compat.raise_(
  File "C:\Users\pinto\Documents\personales\projects\CR\cr_api\.venv\lib\site-packages\sqlalchemy\util\compat.py", line 207, in raise_
    raise exception
  File "C:\Users\pinto\Documents\personales\projects\CR\cr_api\.venv\lib\site-packages\sqlalchemy\orm\session.py", line 3439, in _flush
    flush_context.execute()
  File "C:\Users\pinto\Documents\personales\projects\CR\cr_api\.venv\lib\site-packages\sqlalchemy\orm\unitofwork.py", line 456, in execute
    rec.execute(self)
  File "C:\Users\pinto\Documents\personales\projects\CR\cr_api\.venv\lib\site-packages\sqlalchemy\orm\unitofwork.py", line 630, in execute
    util.preloaded.orm_persistence.save_obj(
  File "C:\Users\pinto\Documents\personales\projects\CR\cr_api\.venv\lib\site-packages\sqlalchemy\orm\persistence.py", line 242, in save_obj
    _emit_insert_statements(
  File "C:\Users\pinto\Documents\personales\projects\CR\cr_api\.venv\lib\site-packages\sqlalchemy\orm\persistence.py", line 1219, in _emit_insert_statements
    result = connection._execute_20(
  File "C:\Users\pinto\Documents\personales\projects\CR\cr_api\.venv\lib\site-packages\sqlalchemy\engine\base.py", line 1611, in _execute_20
    return meth(self, args_10style, kwargs_10style, execution_options)
  File "C:\Users\pinto\Documents\personales\projects\CR\cr_api\.venv\lib\site-packages\sqlalchemy\sql\elements.py", line 323, in _execute_on_connection
    return connection._execute_clauseelement(
  File "C:\Users\pinto\Documents\personales\projects\CR\cr_api\.venv\lib\site-packages\sqlalchemy\engine\base.py", line 1478, in _execute_clauseelement
    ret = self._execute_context(
  File "C:\Users\pinto\Documents\personales\projects\CR\cr_api\.venv\lib\site-packages\sqlalchemy\engine\base.py", line 1842, in _execute_context
    self._handle_dbapi_exception(
  File "C:\Users\pinto\Documents\personales\projects\CR\cr_api\.venv\lib\site-packages\sqlalchemy\engine\base.py", line 2023, in _handle_dbapi_exception
    util.raise_(
  File "C:\Users\pinto\Documents\personales\projects\CR\cr_api\.venv\lib\site-packages\sqlalchemy\util\compat.py", line 207, in raise_
    raise exception
  File "C:\Users\pinto\Documents\personales\projects\CR\cr_api\.venv\lib\site-packages\sqlalchemy\engine\base.py", line 1799, in _execute_context
    self.dialect.do_execute(
  File "C:\Users\pinto\Documents\personales\projects\CR\cr_api\.venv\lib\site-packages\sqlalchemy\engine\default.py", line 717, in do_execute
    cursor.execute(statement, parameters)
sqlalchemy.exc.ProgrammingError: (pyodbc.ProgrammingError) ('42000', "[42000] [Microsoft][ODBC Driver 17 for SQL Server][SQL Server]String or binary data would be truncated in table 'cr_test.dbo.client', column 'email'. Truncated value: 'Supplier.ecuador@ariadnacg.com,Alexandra.teran@ari'. (2628) (SQLExecDirectW); [42000] [Microsoft][ODBC Driver 17 for SQL Server][SQL Server]The statement has been terminated. (3621)")
[SQL: INSERT INTO client (id, ruc, cedula, placa, razon_social, telefonos, direccion, tipo, es_cliente, es_proveedor, es_empleado, es_corporativo, aplicar_cupo, email, es_vendedor, es_extranjero, porcentaje_descuento, adicional1_cliente, adicional2_cliente, adicional3_cliente, adicional4_cliente, adicional1_proveedor, adicional2_proveedor, adicional3_proveedor, adicional4_proveedor, banco_codigo_id, tipo_cuenta, numero_tarjeta, personaasociada_id, nombre_comercial, origen, pvp_default, id_categoria, categoria_nombre) OUTPUT inserted.id_client VALUES (?, ?, ?, ?, ?, ?, ?, ?, ?, ?, ?, ?, ?, ?, ?, ?, ?, ?, ?, ?, ?, ?, ?, ?, ?, ?, ?, ?, ?, ?, ?, ?, ?, ?)]
[parameters: ('DGe7AryRKCA64bn2', '1793148654001', '', None, 'ARESCOMMUNICATIONS S.A.S.', '3326083', 'Av. República del Salvador E10 y Moscú', 'J', 1, 0, 0, 0, 0, 'Supplier.ecuador@ariadnacg.com,Alexandra.teran@ariadnacg.com', 0, 0, None, '', '', '', '', '', '', '', '', None, None, '', None, 'ARESCOMMUNICATIONS S.A.S.', None, '', 'k0pZeVjKIxKNeGWX', 'RETAIL B')]
(Background on this error at: https://sqlalche.me/e/14/f405)

